0 info it worked if it ends with ok
1 verbose cli [ '/usr/bin/node', '/usr/bin/npm', 'version', '1.0.1' ]
2 info using npm@3.10.10
3 info using node@v6.11.2
4 info git [ 'status', '--porcelain' ]
5 verbose stack Error: Git working directory not clean.
5 verbose stack M models/user.js
5 verbose stack D package-lock.json
5 verbose stack M package.json
5 verbose stack     at /usr/lib/node_modules/npm/lib/version.js:247:19
5 verbose stack     at /usr/lib/node_modules/npm/lib/utils/no-progress-while-running.js:21:8
5 verbose stack     at ChildProcess.exithandler (child_process.js:189:7)
5 verbose stack     at emitTwo (events.js:106:13)
5 verbose stack     at ChildProcess.emit (events.js:191:7)
5 verbose stack     at maybeClose (internal/child_process.js:891:16)
5 verbose stack     at Socket.<anonymous> (internal/child_process.js:342:11)
5 verbose stack     at emitOne (events.js:96:13)
5 verbose stack     at Socket.emit (events.js:188:7)
5 verbose stack     at Pipe._handle.close [as _onclose] (net.js:497:12)
6 verbose cwd /home/nkim/Desktop/CodeBootCamp/simpleBB
7 error Linux 4.12.5-300.fc26.x86_64
8 error argv "/usr/bin/node" "/usr/bin/npm" "version" "1.0.1"
9 error node v6.11.2
10 error npm  v3.10.10
11 error Git working directory not clean.
11 error M models/user.js
11 error D package-lock.json
11 error M package.json
12 error If you need help, you may report this error at:
12 error     <https://github.com/npm/npm/issues>
13 verbose exit [ 1, true ]
